2021-05-03 22:33:09.580  INFO 10904 --- [main] lavalink.server.Launcher                 : 

[32m       .  [31m _                  _ _       _    [32m__ _ _
[32m      /\\ [31m| | __ ___   ____ _| (_)_ __ | | __[32m\ \ \ \
[32m     ( ( )[31m| |/ _` \ \ / / _` | | | '_ \| |/ /[32m \ \ \ \
[32m      \\/ [31m| | (_| |\ V / (_| | | | | | |   < [32m  ) ) ) )
[32m       '  [31m|_|\__,_| \_/ \__,_|_|_|_| |_|_|\_\[32m / / / /
[0m    =========================================[32m/_/_/_/[0m

	Version:        3.3.2.3
	Build:          1176
	Build time:     28.12.2020 18:59:16 UTC
	Branch          master
	Commit:         68d398a
	Commit time:    28.12.2020 18:56:23 UTC
	JVM:            16.0.1
	Lavaplayer      1.3.65

2021-05-03 22:33:10.098  INFO 10904 --- [main] lavalink.server.Launcher                 : Starting Launcher on Ubuntu-3537 with PID 10904 (/home/sam/code/discord/lavalink/Lavalink.jar started by sam in /home/sam/code/discord/lavalink)
2021-05-03 22:33:10.099  INFO 10904 --- [main] lavalink.server.Launcher                 : No active profile set, falling back to default profiles: default
2021-05-03 22:33:10.475  WARN 10904 --- [background-preinit] o.s.h.c.j.Jackson2ObjectMapperBuilder    : For Jackson Kotlin classes support please add "com.fasterxml.jackson.module:jackson-module-kotlin" to the classpath
2021-05-03 22:33:15.591  WARN 10904 --- [main] io.undertow.websockets.jsr               : UT026010: Buffer pool was not set on WebSocketDeploymentInfo, the default pool will be used
2021-05-03 22:33:15.720  INFO 10904 --- [main] io.undertow.servlet                      : Initializing Spring embedded WebApplicationContext
2021-05-03 22:33:15.721  INFO 10904 --- [main] o.s.web.context.ContextLoader            : Root WebApplicationContext: initialization completed in 5349 ms
2021-05-03 22:33:19.082  WARN 10904 --- [main] l.server.config.SentryConfiguration      : Turning off sentry
2021-05-03 22:33:21.148  INFO 10904 --- [main] c.s.d.l.tools.GarbageCollectionMonitor   : GC monitoring enabled, reporting results every 2 minutes.
2021-05-03 22:33:22.100  INFO 10904 --- [main] lavalink.server.config.KoeConfiguration  : OS: Linux, Arch: amd64
2021-05-03 22:33:22.100  INFO 10904 --- [main] lavalink.server.config.KoeConfiguration  : Enabling JDA-NAS
2021-05-03 22:33:22.104  INFO 10904 --- [main] c.s.l.c.natives.NativeLibraryLoader      : Native library udpqueue: loading with filter null
2021-05-03 22:33:22.154  INFO 10904 --- [main] c.s.l.c.natives.NativeLibraryLoader      : Native library udpqueue: successfully loaded.
2021-05-03 22:33:22.567  INFO 10904 --- [main] o.s.s.concurrent.ThreadPoolTaskExecutor  : Initializing ExecutorService 'applicationTaskExecutor'
2021-05-03 22:33:23.232  INFO 10904 --- [main] org.xnio                                 : XNIO version 3.3.8.Final
2021-05-03 22:33:23.256  INFO 10904 --- [main] org.xnio.nio                             : XNIO NIO Implementation Version 3.3.8.Final
2021-05-03 22:33:23.505  INFO 10904 --- [main] o.s.b.w.e.u.UndertowServletWebServer     : Undertow started on port(s) 2333 (http) with context path ''
2021-05-03 22:33:23.510  INFO 10904 --- [main] lavalink.server.Launcher                 : Started Launcher in 16.13 seconds (JVM running for 20.748)
2021-05-03 22:33:23.513  INFO 10904 --- [main] lavalink.server.Launcher                 : You can safely ignore the big red warning about illegal reflection. See https://github.com/Frederikam/Lavalink/issues/295
2021-05-03 22:33:31.629  INFO 10904 --- [XNIO-1 task-1] io.undertow.servlet                      : Initializing Spring DispatcherServlet 'dispatcherServlet'
2021-05-03 22:33:31.629  INFO 10904 --- [XNIO-1 task-1] o.s.web.servlet.DispatcherServlet        : Initializing Servlet 'dispatcherServlet'
2021-05-03 22:33:31.642  INFO 10904 --- [XNIO-1 task-1] o.s.web.servlet.DispatcherServlet        : Completed initialization in 13 ms
2021-05-03 22:33:31.709  INFO 10904 --- [XNIO-1 task-1] l.server.io.HandshakeInterceptorImpl     : Incoming connection from /127.0.0.1:52574
2021-05-03 22:33:31.881  INFO 10904 --- [XNIO-1 task-1] lavalink.server.io.SocketServer          : Connection successfully established from /127.0.0.1:52574
2021-05-03 22:33:31.931  INFO 10904 --- [XNIO-1 I/O-2] lavalink.server.io.SocketServer          : {"op": "configureResuming", "key": "default-node", "timeout": 60}
2021-05-03 22:55:15.983  INFO 10904 --- [XNIO-1 I/O-2] lavalink.server.io.SocketServer          : Connection closed from /127.0.0.1:52574 with status CloseStatus[code=1006, reason=] -- Session can be resumed within the next 60 seconds with key default-node
2021-05-03 22:55:41.136  INFO 10904 --- [XNIO-1 task-2] l.server.io.HandshakeInterceptorImpl     : Incoming connection from /127.0.0.1:53258
2021-05-03 22:55:41.141  INFO 10904 --- [XNIO-1 task-2] lavalink.server.io.SocketServer          : Connection successfully established from /127.0.0.1:53258
2021-05-03 22:55:41.142  INFO 10904 --- [XNIO-1 I/O-2] lavalink.server.io.SocketServer          : {"op": "configureResuming", "key": "default-node", "timeout": 60}
2021-05-03 22:56:15.984  INFO 10904 --- [pool-2-thread-1] lavalink.server.io.SocketContext         : Shutting down 0 playing players.
2021-05-03 22:57:25.465  INFO 10904 --- [XNIO-1 I/O-2] lavalink.server.io.SocketServer          : Connection closed from /127.0.0.1:53258 with status CloseStatus[code=1006, reason=] -- Session can be resumed within the next 60 seconds with key default-node
2021-05-03 22:57:40.824  INFO 10904 --- [Thread-1] o.s.s.concurrent.ThreadPoolTaskExecutor  : Shutting down ExecutorService 'applicationTaskExecutor'
2021-05-03 22:57:40.825  INFO 10904 --- [Thread-1] c.s.d.l.tools.GarbageCollectionMonitor   : GC monitoring disabled.
2021-05-03 22:57:40.828  INFO 10904 --- [Thread-1] io.undertow.servlet                      : Destroying Spring FrameworkServlet 'dispatcherServlet'
